  2.c
c:\users\한재윤\documents\visual studio 2015\projects\11장 연결리스트 2. 기억력게임\11장 연결리스트 2. 기억력게임\2.c(17): warning C4047: '초기화 중': 'char'의 간접 참조 수준이 'void *'과(와) 다릅니다.
c:\users\한재윤\documents\visual studio 2015\projects\11장 연결리스트 2. 기억력게임\11장 연결리스트 2. 기억력게임\2.c(28): error C2371: 'alphalist': 재정의. 기본 형식이 다릅니다.
  c:\users\한재윤\documents\visual studio 2015\projects\11장 연결리스트 2. 기억력게임\11장 연결리스트 2. 기억력게임\2.c(17): note: 'alphalist' 선언을 참조하십시오.
c:\users\한재윤\documents\visual studio 2015\projects\11장 연결리스트 2. 기억력게임\11장 연결리스트 2. 기억력게임\2.c(28): error C2074: 'alphalist': 'struct' 초기화에는 중괄호로 묶인 이니셜라이저 목록이 필요합니다.
c:\users\한재윤\documents\visual studio 2015\projects\11장 연결리스트 2. 기억력게임\11장 연결리스트 2. 기억력게임\2.c(53): warning C4244: '함수': 'time_t'에서 'unsigned int'(으)로 변환하면서 데이터가 손실될 수 있습니다.
c:\users\한재윤\documents\visual studio 2015\projects\11장 연결리스트 2. 기억력게임\11장 연결리스트 2. 기억력게임\2.c(78): error C2065: 'temp': 선언되지 않은 식별자입니다.
c:\users\한재윤\documents\visual studio 2015\projects\11장 연결리스트 2. 기억력게임\11장 연결리스트 2. 기억력게임\2.c(78): warning C4047: '=': 'int'의 간접 참조 수준이 'ALPAH_NODE *'과(와) 다릅니다.
c:\users\한재윤\documents\visual studio 2015\projects\11장 연결리스트 2. 기억력게임\11장 연결리스트 2. 기억력게임\2.c(79): error C2065: 'temp': 선언되지 않은 식별자입니다.
c:\users\한재윤\documents\visual studio 2015\projects\11장 연결리스트 2. 기억력게임\11장 연결리스트 2. 기억력게임\2.c(79): error C2223: '->x' 왼쪽은 구조체/공용 구조체를 가리켜야 합니다.
c:\users\한재윤\documents\visual studio 2015\projects\11장 연결리스트 2. 기억력게임\11장 연결리스트 2. 기억력게임\2.c(80): error C2065: 'temp': 선언되지 않은 식별자입니다.
c:\users\한재윤\documents\visual studio 2015\projects\11장 연결리스트 2. 기억력게임\11장 연결리스트 2. 기억력게임\2.c(80): error C2223: '->y' 왼쪽은 구조체/공용 구조체를 가리켜야 합니다.
c:\users\한재윤\documents\visual studio 2015\projects\11장 연결리스트 2. 기억력게임\11장 연결리스트 2. 기억력게임\2.c(81): error C2065: 'temp': 선언되지 않은 식별자입니다.
c:\users\한재윤\documents\visual studio 2015\projects\11장 연결리스트 2. 기억력게임\11장 연결리스트 2. 기억력게임\2.c(81): error C2223: '->alpha' 왼쪽은 구조체/공용 구조체를 가리켜야 합니다.
c:\users\한재윤\documents\visual studio 2015\projects\11장 연결리스트 2. 기억력게임\11장 연결리스트 2. 기억력게임\2.c(83): error C2065: 'temp': 선언되지 않은 식별자입니다.
c:\users\한재윤\documents\visual studio 2015\projects\11장 연결리스트 2. 기억력게임\11장 연결리스트 2. 기억력게임\2.c(83): error C2223: '->next' 왼쪽은 구조체/공용 구조체를 가리켜야 합니다.
c:\users\한재윤\documents\visual studio 2015\projects\11장 연결리스트 2. 기억력게임\11장 연결리스트 2. 기억력게임\2.c(84): error C2065: 'temp': 선언되지 않은 식별자입니다.
c:\users\한재윤\documents\visual studio 2015\projects\11장 연결리스트 2. 기억력게임\11장 연결리스트 2. 기억력게임\2.c(90): warning C4047: '초기화 중': 'ALPHA_NODE *'의 간접 참조 수준이 'char'과(와) 다릅니다.
c:\users\한재윤\documents\visual studio 2015\projects\11장 연결리스트 2. 기억력게임\11장 연결리스트 2. 기억력게임\2.c(94): warning C4996: 'putch': The POSIX name for this item is deprecated. Instead, use the ISO C and C++ conformant name: _putch. See online help for details.
  c:\program files (x86)\windows kits\10\include\10.0.10240.0\ucrt\conio.h(461): note: 'putch' 선언을 참조하십시오.
c:\users\한재윤\documents\visual studio 2015\projects\11장 연결리스트 2. 기억력게임\11장 연결리스트 2. 기억력게임\2.c(101): warning C4047: '초기화 중': 'ALPHA_NODE *'의 간접 참조 수준이 'char'과(와) 다릅니다.
c:\users\한재윤\documents\visual studio 2015\projects\11장 연결리스트 2. 기억력게임\11장 연결리스트 2. 기억력게임\2.c(105): warning C4996: 'putch': The POSIX name for this item is deprecated. Instead, use the ISO C and C++ conformant name: _putch. See online help for details.
  c:\program files (x86)\windows kits\10\include\10.0.10240.0\ucrt\conio.h(461): note: 'putch' 선언을 참조하십시오.
c:\users\한재윤\documents\visual studio 2015\projects\11장 연결리스트 2. 기억력게임\11장 연결리스트 2. 기억력게임\2.c(124): warning C4013: 'clear_array'이(가) 정의되지 않았습니다. extern은 int형을 반환하는 것으로 간주합니다.
c:\users\한재윤\documents\visual studio 2015\projects\11장 연결리스트 2. 기억력게임\11장 연결리스트 2. 기억력게임\2.c(146): warning C4047: '!=': 'int'의 간접 참조 수준이 'void *'과(와) 다릅니다.
c:\users\한재윤\documents\visual studio 2015\projects\11장 연결리스트 2. 기억력게임\11장 연결리스트 2. 기억력게임\2.c(148): error C2223: '->next' 왼쪽은 구조체/공용 구조체를 가리켜야 합니다.
c:\users\한재윤\documents\visual studio 2015\projects\11장 연결리스트 2. 기억력게임\11장 연결리스트 2. 기억력게임\2.c(150): warning C4047: '=': 'ALPHA_NODE *'의 간접 참조 수준이 'char'과(와) 다릅니다.
c:\users\한재윤\documents\visual studio 2015\projects\11장 연결리스트 2. 기억력게임\11장 연결리스트 2. 기억력게임\2.c(144): warning C4047: '초기화 중': 'ALPHA_NODE *'의 간접 참조 수준이 'char'과(와) 다릅니다.
c:\users\한재윤\documents\visual studio 2015\projects\11장 연결리스트 2. 기억력게임\11장 연결리스트 2. 기억력게임\2.c(156): warning C4047: '초기화 중': 'ALPHA_NODE *'의 간접 참조 수준이 'char'과(와) 다릅니다.
